<?xml version="1.0" encoding="UTF-8"?>
<!-- Generated by org.testng.reporters.JUnitReportReporter -->
<testsuite hostname="DESKTOP-QDFTFUR" failures="0" tests="2" name="here.Tommorow" time="0.022" errors="0" timestamp="2021-07-19T12:48:43 IST" skipped="0">
  <testcase classname="here.Tommorow" name="demo" time="0.019"/>
  <system-out/>
  <testcase classname="here.Tommorow" name="done" time="0.003"/>
  <system-out/>
</testsuite> <!-- here.Tommorow -->
