<?xml version="1.0" encoding="UTF-8"?>
<!-- Generated by org.testng.reporters.JUnitReportReporter -->
<testsuite hostname="DESKTOP-QDFTFUR" failures="0" tests="1" name="here.Today" time="0.013" errors="0" timestamp="2021-07-19T12:11:57 IST" skipped="0">
  <testcase classname="here.Today" name="iam" time="0.013"/>
  <system-out/>
</testsuite> <!-- here.Today -->
